{"contracts/Context.sol":{"l":{"20":133,"24":0,"25":0},"path":"/home/honeybadger/truffleProjects/test_op_v2.5.0/contracts/Context.sol","s":{"1":133,"2":0},"b":{},"f":{"1":83,"2":133,"3":0},"fnMap":{"1":{"name":"constructor","line":16,"loc":{"start":{"line":16,"column":4},"end":{"line":16,"column":25}}},"2":{"name":"_msgSender","line":19,"loc":{"start":{"line":19,"column":4},"end":{"line":19,"column":63}}},"3":{"name":"_msgData","line":23,"loc":{"start":{"line":23,"column":4},"end":{"line":23,"column":58}}}},"statementMap":{"1":{"start":{"line":20,"column":8},"end":{"line":20,"column":25}},"2":{"start":{"line":25,"column":8},"end":{"line":25,"column":23}}},"branchMap":{}},"contracts/ERC20.sol":{"l":{"44":6,"51":17,"63":8,"64":4,"71":22,"82":41,"83":39,"99":14,"100":6,"101":4,"117":8,"118":6,"136":16,"137":6,"155":32,"156":28,"158":22,"159":14,"160":14,"173":88,"175":86,"176":86,"177":86,"192":26,"194":22,"195":18,"196":18,"213":81,"214":79,"216":73,"217":73,"227":16,"228":12},"path":"/home/honeybadger/truffleProjects/test_op_v2.5.0/contracts/ERC20.sol","s":{"1":6,"2":17,"3":8,"4":4,"5":22,"6":41,"7":39,"8":14,"9":6,"10":4,"11":8,"12":6,"13":16,"14":6,"15":32,"16":28,"17":22,"18":14,"19":14,"20":88,"21":86,"22":86,"23":86,"24":26,"25":22,"26":18,"27":18,"28":81,"29":79,"30":73,"31":73,"32":16,"33":12},"b":{"1":[28,4],"2":[22,6],"3":[86,2],"4":[22,4],"5":[79,2],"6":[73,6]},"f":{"1":6,"2":17,"3":8,"4":22,"5":41,"6":14,"7":8,"8":16,"9":32,"10":88,"11":26,"12":81,"13":16},"fnMap":{"1":{"name":"totalSupply","line":43,"loc":{"start":{"line":43,"column":4},"end":{"line":43,"column":54}}},"2":{"name":"balanceOf","line":50,"loc":{"start":{"line":50,"column":4},"end":{"line":50,"column":67}}},"3":{"name":"transfer","line":62,"loc":{"start":{"line":62,"column":4},"end":{"line":62,"column":76}}},"4":{"name":"allowance","line":70,"loc":{"start":{"line":70,"column":4},"end":{"line":70,"column":82}}},"5":{"name":"approve","line":81,"loc":{"start":{"line":81,"column":4},"end":{"line":81,"column":73}}},"6":{"name":"transferFrom","line":98,"loc":{"start":{"line":98,"column":4},"end":{"line":98,"column":96}}},"7":{"name":"increaseAllowance","line":116,"loc":{"start":{"line":116,"column":4},"end":{"line":116,"column":87}}},"8":{"name":"decreaseAllowance","line":135,"loc":{"start":{"line":135,"column":4},"end":{"line":135,"column":92}}},"9":{"name":"_transfer","line":154,"loc":{"start":{"line":154,"column":4},"end":{"line":154,"column":80}}},"10":{"name":"_mint","line":172,"loc":{"start":{"line":172,"column":4},"end":{"line":172,"column":58}}},"11":{"name":"_burn","line":191,"loc":{"start":{"line":191,"column":4},"end":{"line":191,"column":58}}},"12":{"name":"_approve","line":212,"loc":{"start":{"line":212,"column":4},"end":{"line":212,"column":76}}},"13":{"name":"_burnFrom","line":226,"loc":{"start":{"line":226,"column":4},"end":{"line":226,"column":62}}}},"statementMap":{"1":{"start":{"line":44,"column":8},"end":{"line":44,"column":27}},"2":{"start":{"line":51,"column":8},"end":{"line":51,"column":33}},"3":{"start":{"line":63,"column":8},"end":{"line":63,"column":49}},"4":{"start":{"line":64,"column":8},"end":{"line":64,"column":19}},"5":{"start":{"line":71,"column":8},"end":{"line":71,"column":42}},"6":{"start":{"line":82,"column":8},"end":{"line":82,"column":46}},"7":{"start":{"line":83,"column":8},"end":{"line":83,"column":19}},"8":{"start":{"line":99,"column":8},"end":{"line":99,"column":43}},"9":{"start":{"line":100,"column":8},"end":{"line":100,"column":128}},"10":{"start":{"line":101,"column":8},"end":{"line":101,"column":19}},"11":{"start":{"line":117,"column":8},"end":{"line":117,"column":90}},"12":{"start":{"line":118,"column":8},"end":{"line":118,"column":19}},"13":{"start":{"line":136,"column":8},"end":{"line":136,"column":136}},"14":{"start":{"line":137,"column":8},"end":{"line":137,"column":19}},"15":{"start":{"line":155,"column":8},"end":{"line":155,"column":77}},"16":{"start":{"line":156,"column":8},"end":{"line":156,"column":78}},"17":{"start":{"line":158,"column":8},"end":{"line":158,"column":98}},"18":{"start":{"line":159,"column":8},"end":{"line":159,"column":62}},"19":{"start":{"line":160,"column":8},"end":{"line":160,"column":48}},"20":{"start":{"line":173,"column":8},"end":{"line":173,"column":72}},"21":{"start":{"line":175,"column":8},"end":{"line":175,"column":46}},"22":{"start":{"line":176,"column":8},"end":{"line":176,"column":58}},"23":{"start":{"line":177,"column":8},"end":{"line":177,"column":50}},"24":{"start":{"line":192,"column":8},"end":{"line":192,"column":74}},"25":{"start":{"line":194,"column":8},"end":{"line":194,"column":96}},"26":{"start":{"line":195,"column":8},"end":{"line":195,"column":46}},"27":{"start":{"line":196,"column":8},"end":{"line":196,"column":50}},"28":{"start":{"line":213,"column":8},"end":{"line":213,"column":75}},"29":{"start":{"line":214,"column":8},"end":{"line":214,"column":75}},"30":{"start":{"line":216,"column":8},"end":{"line":216,"column":43}},"31":{"start":{"line":217,"column":8},"end":{"line":217,"column":45}},"32":{"start":{"line":227,"column":8},"end":{"line":227,"column":29}},"33":{"start":{"line":228,"column":8},"end":{"line":228,"column":126}}},"branchMap":{"1":{"line":155,"type":"if","locations":[{"start":{"line":155,"column":8},"end":{"line":155,"column":8}},{"start":{"line":155,"column":8},"end":{"line":155,"column":8}}]},"2":{"line":156,"type":"if","locations":[{"start":{"line":156,"column":8},"end":{"line":156,"column":8}},{"start":{"line":156,"column":8},"end":{"line":156,"column":8}}]},"3":{"line":173,"type":"if","locations":[{"start":{"line":173,"column":8},"end":{"line":173,"column":8}},{"start":{"line":173,"column":8},"end":{"line":173,"column":8}}]},"4":{"line":192,"type":"if","locations":[{"start":{"line":192,"column":8},"end":{"line":192,"column":8}},{"start":{"line":192,"column":8},"end":{"line":192,"column":8}}]},"5":{"line":213,"type":"if","locations":[{"start":{"line":213,"column":8},"end":{"line":213,"column":8}},{"start":{"line":213,"column":8},"end":{"line":213,"column":8}}]},"6":{"line":214,"type":"if","locations":[{"start":{"line":214,"column":8},"end":{"line":214,"column":8}},{"start":{"line":214,"column":8},"end":{"line":214,"column":8}}]}}},"contracts/ERC20Mock.sol":{"l":{"8":83,"12":5,"16":10,"20":16,"24":10,"28":12},"path":"/home/honeybadger/truffleProjects/test_op_v2.5.0/contracts/ERC20Mock.sol","s":{"1":83,"2":5,"3":10,"4":16,"5":10,"6":12},"b":{},"f":{"1":83,"2":5,"3":10,"4":16,"5":10,"6":12},"fnMap":{"1":{"name":"constructor","line":7,"loc":{"start":{"line":7,"column":4},"end":{"line":7,"column":69}}},"2":{"name":"mint","line":11,"loc":{"start":{"line":11,"column":4},"end":{"line":11,"column":55}}},"3":{"name":"burn","line":15,"loc":{"start":{"line":15,"column":4},"end":{"line":15,"column":55}}},"4":{"name":"burnFrom","line":19,"loc":{"start":{"line":19,"column":4},"end":{"line":19,"column":59}}},"5":{"name":"transferInternal","line":23,"loc":{"start":{"line":23,"column":4},"end":{"line":23,"column":75}}},"6":{"name":"approveInternal","line":27,"loc":{"start":{"line":27,"column":4},"end":{"line":27,"column":80}}}},"statementMap":{"1":{"start":{"line":8,"column":8},"end":{"line":8,"column":44}},"2":{"start":{"line":12,"column":8},"end":{"line":12,"column":29}},"3":{"start":{"line":16,"column":8},"end":{"line":16,"column":29}},"4":{"start":{"line":20,"column":8},"end":{"line":20,"column":33}},"5":{"start":{"line":24,"column":8},"end":{"line":24,"column":33}},"6":{"start":{"line":28,"column":8},"end":{"line":28,"column":38}}},"branchMap":{}},"contracts/IERC20.sol":{"l":{},"path":"/home/honeybadger/truffleProjects/test_op_v2.5.0/contracts/IERC20.sol","s":{},"b":{},"f":{},"fnMap":{},"statementMap":{},"branchMap":{}},"contracts/SafeMath.sol":{"l":{"27":194,"28":194,"30":194,"43":18,"58":96,"59":70,"61":70,"77":0,"78":0,"81":0,"82":0,"84":0,"99":0,"117":0,"118":0,"121":0,"136":0,"153":0,"154":0},"path":"/home/honeybadger/truffleProjects/test_op_v2.5.0/contracts/SafeMath.sol","s":{"1":194,"2":194,"3":194,"4":18,"5":96,"6":70,"7":70,"8":0,"9":0,"10":0,"11":0,"12":0,"13":0,"14":0,"15":0,"16":0,"17":0,"18":0,"19":0},"b":{"1":[194,0],"2":[70,26],"3":[0,0],"4":[0,0],"5":[0,0],"6":[0,0]},"f":{"1":194,"2":18,"3":96,"4":0,"5":0,"6":0,"7":0,"8":0},"fnMap":{"1":{"name":"add","line":26,"loc":{"start":{"line":26,"column":4},"end":{"line":26,"column":68}}},"2":{"name":"sub","line":42,"loc":{"start":{"line":42,"column":4},"end":{"line":42,"column":68}}},"3":{"name":"sub","line":57,"loc":{"start":{"line":57,"column":4},"end":{"line":57,"column":96}}},"4":{"name":"mul","line":73,"loc":{"start":{"line":73,"column":4},"end":{"line":73,"column":68}}},"5":{"name":"div","line":98,"loc":{"start":{"line":98,"column":4},"end":{"line":98,"column":68}}},"6":{"name":"div","line":115,"loc":{"start":{"line":115,"column":4},"end":{"line":115,"column":96}}},"7":{"name":"mod","line":135,"loc":{"start":{"line":135,"column":4},"end":{"line":135,"column":68}}},"8":{"name":"mod","line":152,"loc":{"start":{"line":152,"column":4},"end":{"line":152,"column":96}}}},"statementMap":{"1":{"start":{"line":27,"column":8},"end":{"line":27,"column":25}},"2":{"start":{"line":28,"column":8},"end":{"line":28,"column":53}},"3":{"start":{"line":30,"column":8},"end":{"line":30,"column":16}},"4":{"start":{"line":43,"column":8},"end":{"line":43,"column":58}},"5":{"start":{"line":58,"column":8},"end":{"line":58,"column":36}},"6":{"start":{"line":59,"column":8},"end":{"line":59,"column":25}},"7":{"start":{"line":61,"column":8},"end":{"line":61,"column":16}},"8":{"start":{"line":77,"column":8},"end":{"line":77,"column":2463}},"9":{"start":{"line":78,"column":12},"end":{"line":78,"column":20}},"10":{"start":{"line":81,"column":8},"end":{"line":81,"column":25}},"11":{"start":{"line":82,"column":8},"end":{"line":82,"column":63}},"12":{"start":{"line":84,"column":8},"end":{"line":84,"column":16}},"13":{"start":{"line":99,"column":8},"end":{"line":99,"column":54}},"14":{"start":{"line":117,"column":8},"end":{"line":117,"column":35}},"15":{"start":{"line":118,"column":8},"end":{"line":118,"column":25}},"16":{"start":{"line":121,"column":8},"end":{"line":121,"column":16}},"17":{"start":{"line":136,"column":8},"end":{"line":136,"column":52}},"18":{"start":{"line":153,"column":8},"end":{"line":153,"column":36}},"19":{"start":{"line":154,"column":8},"end":{"line":154,"column":20}}},"branchMap":{"1":{"line":28,"type":"if","locations":[{"start":{"line":28,"column":8},"end":{"line":28,"column":8}},{"start":{"line":28,"column":8},"end":{"line":28,"column":8}}]},"2":{"line":58,"type":"if","locations":[{"start":{"line":58,"column":8},"end":{"line":58,"column":8}},{"start":{"line":58,"column":8},"end":{"line":58,"column":8}}]},"3":{"line":77,"type":"if","locations":[{"start":{"line":77,"column":8},"end":{"line":77,"column":8}},{"start":{"line":77,"column":8},"end":{"line":77,"column":8}}]},"4":{"line":82,"type":"if","locations":[{"start":{"line":82,"column":8},"end":{"line":82,"column":8}},{"start":{"line":82,"column":8},"end":{"line":82,"column":8}}]},"5":{"line":117,"type":"if","locations":[{"start":{"line":117,"column":8},"end":{"line":117,"column":8}},{"start":{"line":117,"column":8},"end":{"line":117,"column":8}}]},"6":{"line":153,"type":"if","locations":[{"start":{"line":153,"column":8},"end":{"line":153,"column":8}},{"start":{"line":153,"column":8},"end":{"line":153,"column":8}}]}}}}