{"contracts/Context.sol":{"l":{"20":133,"24":0,"25":0},"path":"/home/honeybadger/truffleProjects/test_op_v2.5.0/contracts/Context.sol","s":{"1":133,"2":0},"b":{},"f":{"1":83,"2":133,"3":0},"fnMap":{"1":{"name":"constructor","line":16,"loc":{"start":{"line":16,"column":4},"end":{"line":16,"column":25}}},"2":{"name":"_msgSender","line":19,"loc":{"start":{"line":19,"column":4},"end":{"line":19,"column":63}}},"3":{"name":"_msgData","line":23,"loc":{"start":{"line":23,"column":4},"end":{"line":23,"column":58}}}},"statementMap":{"1":{"start":{"line":20,"column":8},"end":{"line":20,"column":25}},"2":{"start":{"line":25,"column":8},"end":{"line":25,"column":23}}},"branchMap":{}},"contracts/ERC20.sol":{"l":{"46":6,"53":17,"65":8,"66":4,"73":22,"84":41,"85":39,"101":14,"102":6,"103":4,"119":8,"120":6,"138":16,"139":6,"157":32,"158":28,"160":22,"161":14,"162":14,"175":88,"177":86,"178":86,"179":86,"194":26,"196":22,"197":18,"198":18,"215":81,"216":79,"218":73,"219":73,"229":16,"230":12},"path":"/home/honeybadger/truffleProjects/test_op_v2.5.0/contracts/ERC20.sol","s":{"1":6,"2":17,"3":8,"4":4,"5":22,"6":41,"7":39,"8":14,"9":6,"10":4,"11":8,"12":6,"13":16,"14":6,"15":32,"16":28,"17":22,"18":14,"19":14,"20":88,"21":86,"22":86,"23":86,"24":26,"25":22,"26":18,"27":18,"28":81,"29":79,"30":73,"31":73,"32":16,"33":12},"b":{"1":[28,4],"2":[22,6],"3":[86,2],"4":[22,4],"5":[79,2],"6":[73,6]},"f":{"1":6,"2":17,"3":8,"4":22,"5":41,"6":14,"7":8,"8":16,"9":32,"10":88,"11":26,"12":81,"13":16},"fnMap":{"1":{"name":"totalSupply","line":45,"loc":{"start":{"line":45,"column":4},"end":{"line":45,"column":54}}},"2":{"name":"balanceOf","line":52,"loc":{"start":{"line":52,"column":4},"end":{"line":52,"column":67}}},"3":{"name":"transfer","line":64,"loc":{"start":{"line":64,"column":4},"end":{"line":64,"column":76}}},"4":{"name":"allowance","line":72,"loc":{"start":{"line":72,"column":4},"end":{"line":72,"column":82}}},"5":{"name":"approve","line":83,"loc":{"start":{"line":83,"column":4},"end":{"line":83,"column":73}}},"6":{"name":"transferFrom","line":100,"loc":{"start":{"line":100,"column":4},"end":{"line":100,"column":96}}},"7":{"name":"increaseAllowance","line":118,"loc":{"start":{"line":118,"column":4},"end":{"line":118,"column":87}}},"8":{"name":"decreaseAllowance","line":137,"loc":{"start":{"line":137,"column":4},"end":{"line":137,"column":92}}},"9":{"name":"_transfer","line":156,"loc":{"start":{"line":156,"column":4},"end":{"line":156,"column":80}}},"10":{"name":"_mint","line":174,"loc":{"start":{"line":174,"column":4},"end":{"line":174,"column":58}}},"11":{"name":"_burn","line":193,"loc":{"start":{"line":193,"column":4},"end":{"line":193,"column":58}}},"12":{"name":"_approve","line":214,"loc":{"start":{"line":214,"column":4},"end":{"line":214,"column":76}}},"13":{"name":"_burnFrom","line":228,"loc":{"start":{"line":228,"column":4},"end":{"line":228,"column":62}}}},"statementMap":{"1":{"start":{"line":46,"column":8},"end":{"line":46,"column":27}},"2":{"start":{"line":53,"column":8},"end":{"line":53,"column":33}},"3":{"start":{"line":65,"column":8},"end":{"line":65,"column":49}},"4":{"start":{"line":66,"column":8},"end":{"line":66,"column":19}},"5":{"start":{"line":73,"column":8},"end":{"line":73,"column":42}},"6":{"start":{"line":84,"column":8},"end":{"line":84,"column":46}},"7":{"start":{"line":85,"column":8},"end":{"line":85,"column":19}},"8":{"start":{"line":101,"column":8},"end":{"line":101,"column":43}},"9":{"start":{"line":102,"column":8},"end":{"line":102,"column":128}},"10":{"start":{"line":103,"column":8},"end":{"line":103,"column":19}},"11":{"start":{"line":119,"column":8},"end":{"line":119,"column":90}},"12":{"start":{"line":120,"column":8},"end":{"line":120,"column":19}},"13":{"start":{"line":138,"column":8},"end":{"line":138,"column":136}},"14":{"start":{"line":139,"column":8},"end":{"line":139,"column":19}},"15":{"start":{"line":157,"column":8},"end":{"line":157,"column":77}},"16":{"start":{"line":158,"column":8},"end":{"line":158,"column":78}},"17":{"start":{"line":160,"column":8},"end":{"line":160,"column":98}},"18":{"start":{"line":161,"column":8},"end":{"line":161,"column":62}},"19":{"start":{"line":162,"column":8},"end":{"line":162,"column":48}},"20":{"start":{"line":175,"column":8},"end":{"line":175,"column":72}},"21":{"start":{"line":177,"column":8},"end":{"line":177,"column":46}},"22":{"start":{"line":178,"column":8},"end":{"line":178,"column":58}},"23":{"start":{"line":179,"column":8},"end":{"line":179,"column":50}},"24":{"start":{"line":194,"column":8},"end":{"line":194,"column":74}},"25":{"start":{"line":196,"column":8},"end":{"line":196,"column":96}},"26":{"start":{"line":197,"column":8},"end":{"line":197,"column":46}},"27":{"start":{"line":198,"column":8},"end":{"line":198,"column":50}},"28":{"start":{"line":215,"column":8},"end":{"line":215,"column":75}},"29":{"start":{"line":216,"column":8},"end":{"line":216,"column":75}},"30":{"start":{"line":218,"column":8},"end":{"line":218,"column":43}},"31":{"start":{"line":219,"column":8},"end":{"line":219,"column":45}},"32":{"start":{"line":229,"column":8},"end":{"line":229,"column":29}},"33":{"start":{"line":230,"column":8},"end":{"line":230,"column":126}}},"branchMap":{"1":{"line":157,"type":"if","locations":[{"start":{"line":157,"column":8},"end":{"line":157,"column":8}},{"start":{"line":157,"column":8},"end":{"line":157,"column":8}}]},"2":{"line":158,"type":"if","locations":[{"start":{"line":158,"column":8},"end":{"line":158,"column":8}},{"start":{"line":158,"column":8},"end":{"line":158,"column":8}}]},"3":{"line":175,"type":"if","locations":[{"start":{"line":175,"column":8},"end":{"line":175,"column":8}},{"start":{"line":175,"column":8},"end":{"line":175,"column":8}}]},"4":{"line":194,"type":"if","locations":[{"start":{"line":194,"column":8},"end":{"line":194,"column":8}},{"start":{"line":194,"column":8},"end":{"line":194,"column":8}}]},"5":{"line":215,"type":"if","locations":[{"start":{"line":215,"column":8},"end":{"line":215,"column":8}},{"start":{"line":215,"column":8},"end":{"line":215,"column":8}}]},"6":{"line":216,"type":"if","locations":[{"start":{"line":216,"column":8},"end":{"line":216,"column":8}},{"start":{"line":216,"column":8},"end":{"line":216,"column":8}}]}}},"contracts/ERC20Detailed.sol":{"l":{"19":0,"20":0,"21":0,"28":0,"36":0,"52":0},"path":"/home/honeybadger/truffleProjects/test_op_v2.5.0/contracts/ERC20Detailed.sol","s":{"1":0,"2":0,"3":0,"4":0,"5":0,"6":0},"b":{},"f":{"1":0,"2":0,"3":0,"4":0},"fnMap":{"1":{"name":"constructor","line":18,"loc":{"start":{"line":18,"column":4},"end":{"line":18,"column":79}}},"2":{"name":"name","line":27,"loc":{"start":{"line":27,"column":4},"end":{"line":27,"column":53}}},"3":{"name":"symbol","line":35,"loc":{"start":{"line":35,"column":4},"end":{"line":35,"column":55}}},"4":{"name":"decimals","line":51,"loc":{"start":{"line":51,"column":4},"end":{"line":51,"column":49}}}},"statementMap":{"1":{"start":{"line":19,"column":8},"end":{"line":19,"column":19}},"2":{"start":{"line":20,"column":8},"end":{"line":20,"column":23}},"3":{"start":{"line":21,"column":8},"end":{"line":21,"column":27}},"4":{"start":{"line":28,"column":8},"end":{"line":28,"column":20}},"5":{"start":{"line":36,"column":8},"end":{"line":36,"column":22}},"6":{"start":{"line":52,"column":8},"end":{"line":52,"column":24}}},"branchMap":{}},"contracts/ERC20Mock.sol":{"l":{"8":83,"12":5,"16":10,"20":16,"24":10,"28":12},"path":"/home/honeybadger/truffleProjects/test_op_v2.5.0/contracts/ERC20Mock.sol","s":{"1":83,"2":5,"3":10,"4":16,"5":10,"6":12},"b":{},"f":{"1":83,"2":5,"3":10,"4":16,"5":10,"6":12},"fnMap":{"1":{"name":"constructor","line":7,"loc":{"start":{"line":7,"column":4},"end":{"line":7,"column":69}}},"2":{"name":"mint","line":11,"loc":{"start":{"line":11,"column":4},"end":{"line":11,"column":55}}},"3":{"name":"burn","line":15,"loc":{"start":{"line":15,"column":4},"end":{"line":15,"column":55}}},"4":{"name":"burnFrom","line":19,"loc":{"start":{"line":19,"column":4},"end":{"line":19,"column":59}}},"5":{"name":"transferInternal","line":23,"loc":{"start":{"line":23,"column":4},"end":{"line":23,"column":75}}},"6":{"name":"approveInternal","line":27,"loc":{"start":{"line":27,"column":4},"end":{"line":27,"column":80}}}},"statementMap":{"1":{"start":{"line":8,"column":8},"end":{"line":8,"column":44}},"2":{"start":{"line":12,"column":8},"end":{"line":12,"column":29}},"3":{"start":{"line":16,"column":8},"end":{"line":16,"column":29}},"4":{"start":{"line":20,"column":8},"end":{"line":20,"column":33}},"5":{"start":{"line":24,"column":8},"end":{"line":24,"column":33}},"6":{"start":{"line":28,"column":8},"end":{"line":28,"column":38}}},"branchMap":{}},"contracts/IERC20.sol":{"l":{},"path":"/home/honeybadger/truffleProjects/test_op_v2.5.0/contracts/IERC20.sol","s":{},"b":{},"f":{},"fnMap":{},"statementMap":{},"branchMap":{}},"contracts/SafeMath.sol":{"l":{"27":194,"28":194,"30":194,"43":18,"58":96,"59":70,"61":70,"77":0,"78":0,"81":0,"82":0,"84":0,"99":0,"117":0,"118":0,"121":0,"136":0,"153":0,"154":0},"path":"/home/honeybadger/truffleProjects/test_op_v2.5.0/contracts/SafeMath.sol","s":{"1":194,"2":194,"3":194,"4":18,"5":96,"6":70,"7":70,"8":0,"9":0,"10":0,"11":0,"12":0,"13":0,"14":0,"15":0,"16":0,"17":0,"18":0,"19":0},"b":{"1":[194,0],"2":[70,26],"3":[0,0],"4":[0,0],"5":[0,0],"6":[0,0]},"f":{"1":194,"2":18,"3":96,"4":0,"5":0,"6":0,"7":0,"8":0},"fnMap":{"1":{"name":"add","line":26,"loc":{"start":{"line":26,"column":4},"end":{"line":26,"column":68}}},"2":{"name":"sub","line":42,"loc":{"start":{"line":42,"column":4},"end":{"line":42,"column":68}}},"3":{"name":"sub","line":57,"loc":{"start":{"line":57,"column":4},"end":{"line":57,"column":96}}},"4":{"name":"mul","line":73,"loc":{"start":{"line":73,"column":4},"end":{"line":73,"column":68}}},"5":{"name":"div","line":98,"loc":{"start":{"line":98,"column":4},"end":{"line":98,"column":68}}},"6":{"name":"div","line":115,"loc":{"start":{"line":115,"column":4},"end":{"line":115,"column":96}}},"7":{"name":"mod","line":135,"loc":{"start":{"line":135,"column":4},"end":{"line":135,"column":68}}},"8":{"name":"mod","line":152,"loc":{"start":{"line":152,"column":4},"end":{"line":152,"column":96}}}},"statementMap":{"1":{"start":{"line":27,"column":8},"end":{"line":27,"column":25}},"2":{"start":{"line":28,"column":8},"end":{"line":28,"column":53}},"3":{"start":{"line":30,"column":8},"end":{"line":30,"column":16}},"4":{"start":{"line":43,"column":8},"end":{"line":43,"column":58}},"5":{"start":{"line":58,"column":8},"end":{"line":58,"column":36}},"6":{"start":{"line":59,"column":8},"end":{"line":59,"column":25}},"7":{"start":{"line":61,"column":8},"end":{"line":61,"column":16}},"8":{"start":{"line":77,"column":8},"end":{"line":77,"column":2463}},"9":{"start":{"line":78,"column":12},"end":{"line":78,"column":20}},"10":{"start":{"line":81,"column":8},"end":{"line":81,"column":25}},"11":{"start":{"line":82,"column":8},"end":{"line":82,"column":63}},"12":{"start":{"line":84,"column":8},"end":{"line":84,"column":16}},"13":{"start":{"line":99,"column":8},"end":{"line":99,"column":54}},"14":{"start":{"line":117,"column":8},"end":{"line":117,"column":35}},"15":{"start":{"line":118,"column":8},"end":{"line":118,"column":25}},"16":{"start":{"line":121,"column":8},"end":{"line":121,"column":16}},"17":{"start":{"line":136,"column":8},"end":{"line":136,"column":52}},"18":{"start":{"line":153,"column":8},"end":{"line":153,"column":36}},"19":{"start":{"line":154,"column":8},"end":{"line":154,"column":20}}},"branchMap":{"1":{"line":28,"type":"if","locations":[{"start":{"line":28,"column":8},"end":{"line":28,"column":8}},{"start":{"line":28,"column":8},"end":{"line":28,"column":8}}]},"2":{"line":58,"type":"if","locations":[{"start":{"line":58,"column":8},"end":{"line":58,"column":8}},{"start":{"line":58,"column":8},"end":{"line":58,"column":8}}]},"3":{"line":77,"type":"if","locations":[{"start":{"line":77,"column":8},"end":{"line":77,"column":8}},{"start":{"line":77,"column":8},"end":{"line":77,"column":8}}]},"4":{"line":82,"type":"if","locations":[{"start":{"line":82,"column":8},"end":{"line":82,"column":8}},{"start":{"line":82,"column":8},"end":{"line":82,"column":8}}]},"5":{"line":117,"type":"if","locations":[{"start":{"line":117,"column":8},"end":{"line":117,"column":8}},{"start":{"line":117,"column":8},"end":{"line":117,"column":8}}]},"6":{"line":153,"type":"if","locations":[{"start":{"line":153,"column":8},"end":{"line":153,"column":8}},{"start":{"line":153,"column":8},"end":{"line":153,"column":8}}]}}},"contracts/TestToken.sol":{"l":{"10":0},"path":"/home/honeybadger/truffleProjects/test_op_v2.5.0/contracts/TestToken.sol","s":{"1":0},"b":{},"f":{"1":0},"fnMap":{"1":{"name":"constructor","line":9,"loc":{"start":{"line":9,"column":39},"end":{"line":9,"column":11}}}},"statementMap":{"1":{"start":{"line":10,"column":4},"end":{"line":10,"column":35}}},"branchMap":{}}}