TN:
SF:/home/honeybadger/truffleProjects/test_op_v2.5.0/contracts/Context.sol
FN:16,constructor
FN:19,_msgSender
FN:23,_msgData
FNF:3
FNH:0
FNDA:0,constructor
FNDA:0,_msgSender
FNDA:0,_msgData
DA:20,0
DA:24,0
DA:25,0
LF:3
LH:0
BRF:0
BRH:0
end_of_record
TN:
SF:/home/honeybadger/truffleProjects/test_op_v2.5.0/contracts/ERC20.sol
FN:43,totalSupply
FN:50,balanceOf
FN:62,transfer
FN:70,allowance
FN:81,approve
FN:98,transferFrom
FN:116,increaseAllowance
FN:135,decreaseAllowance
FN:154,_transfer
FN:172,_mint
FN:191,_burn
FN:212,_approve
FN:226,_burnFrom
FNF:13
FNH:0
FNDA:0,totalSupply
FNDA:0,balanceOf
FNDA:0,transfer
FNDA:0,allowance
FNDA:0,approve
FNDA:0,transferFrom
FNDA:0,increaseAllowance
FNDA:0,decreaseAllowance
FNDA:0,_transfer
FNDA:0,_mint
FNDA:0,_burn
FNDA:0,_approve
FNDA:0,_burnFrom
DA:44,0
DA:51,0
DA:63,0
DA:64,0
DA:71,0
DA:82,0
DA:83,0
DA:99,0
DA:100,0
DA:101,0
DA:117,0
DA:118,0
DA:136,0
DA:137,0
DA:155,0
DA:156,0
DA:158,0
DA:159,0
DA:160,0
DA:173,0
DA:175,0
DA:176,0
DA:177,0
DA:192,0
DA:194,0
DA:195,0
DA:196,0
DA:213,0
DA:214,0
DA:216,0
DA:217,0
DA:227,0
DA:228,0
LF:33
LH:0
BRDA:155,1,0,0
BRDA:155,1,1,0
BRDA:156,2,0,0
BRDA:156,2,1,0
BRDA:173,3,0,0
BRDA:173,3,1,0
BRDA:192,4,0,0
BRDA:192,4,1,0
BRDA:213,5,0,0
BRDA:213,5,1,0
BRDA:214,6,0,0
BRDA:214,6,1,0
BRF:12
BRH:0
end_of_record
TN:
SF:/home/honeybadger/truffleProjects/test_op_v2.5.0/contracts/ERC20Mock.sol
FN:7,constructor
FN:11,mint
FN:15,burn
FN:19,burnFrom
FN:23,transferInternal
FN:27,approveInternal
FNF:6
FNH:0
FNDA:0,constructor
FNDA:0,mint
FNDA:0,burn
FNDA:0,burnFrom
FNDA:0,transferInternal
FNDA:0,approveInternal
DA:8,0
DA:12,0
DA:16,0
DA:20,0
DA:24,0
DA:28,0
LF:6
LH:0
BRF:0
BRH:0
end_of_record
TN:
SF:/home/honeybadger/truffleProjects/test_op_v2.5.0/contracts/IERC20.sol
FNF:0
FNH:0
LF:0
LH:0
BRF:0
BRH:0
end_of_record
TN:
SF:/home/honeybadger/truffleProjects/test_op_v2.5.0/contracts/SafeMath.sol
FN:26,add
FN:42,sub
FN:57,sub
FN:73,mul
FN:98,div
FN:115,div
FN:135,mod
FN:152,mod
FNF:8
FNH:0
FNDA:0,add
FNDA:0,sub
FNDA:0,sub
FNDA:0,mul
FNDA:0,div
FNDA:0,div
FNDA:0,mod
FNDA:0,mod
DA:27,0
DA:28,0
DA:30,0
DA:43,0
DA:58,0
DA:59,0
DA:61,0
DA:77,0
DA:78,0
DA:81,0
DA:82,0
DA:84,0
DA:99,0
DA:117,0
DA:118,0
DA:121,0
DA:136,0
DA:153,0
DA:154,0
LF:19
LH:0
BRDA:28,1,0,0
BRDA:28,1,1,0
BRDA:58,2,0,0
BRDA:58,2,1,0
BRDA:77,3,0,0
BRDA:77,3,1,0
BRDA:82,4,0,0
BRDA:82,4,1,0
BRDA:117,5,0,0
BRDA:117,5,1,0
BRDA:153,6,0,0
BRDA:153,6,1,0
BRF:12
BRH:0
end_of_record
