TN:
SF:/home/honeybadger/truffleProjects/test_op_v2.5.0/contracts/Context.sol
FN:16,constructor
FN:19,_msgSender
FN:23,_msgData
FNF:3
FNH:2
FNDA:83,constructor
FNDA:140,_msgSender
FNDA:0,_msgData
DA:20,140
DA:24,0
DA:25,0
LF:3
LH:1
BRF:0
BRH:0
end_of_record
TN:
SF:/home/honeybadger/truffleProjects/test_op_v2.5.0/contracts/ERC20.sol
FN:45,totalSupply
FN:52,balanceOf
FN:64,transfer
FN:72,allowance
FN:83,approve
FN:100,transferFrom
FN:118,increaseAllowance
FN:137,decreaseAllowance
FN:156,_transfer
FN:174,_mint
FN:193,_burn
FN:214,_approve
FN:228,_burnFrom
FNF:13
FNH:13
FNDA:6,totalSupply
FNDA:14,balanceOf
FNDA:7,transfer
FNDA:22,allowance
FNDA:41,approve
FNDA:14,transferFrom
FNDA:8,increaseAllowance
FNDA:16,decreaseAllowance
FNDA:30,_transfer
FNDA:88,_mint
FNDA:26,_burn
FNDA:81,_approve
FNDA:16,_burnFrom
DA:46,6
DA:53,14
DA:65,7
DA:66,5
DA:73,22
DA:84,41
DA:85,39
DA:101,14
DA:102,10
DA:103,4
DA:119,8
DA:120,6
DA:138,16
DA:139,6
DA:157,30
DA:158,26
DA:161,20
DA:162,20
DA:175,88
DA:177,86
DA:178,86
DA:179,86
DA:194,26
DA:196,22
DA:197,18
DA:198,18
DA:215,81
DA:216,79
DA:218,73
DA:219,73
DA:229,16
DA:230,12
LF:32
LH:32
BRDA:157,1,0,26
BRDA:157,1,1,4
BRDA:158,2,0,20
BRDA:158,2,1,6
BRDA:175,3,0,86
BRDA:175,3,1,2
BRDA:194,4,0,22
BRDA:194,4,1,4
BRDA:215,5,0,79
BRDA:215,5,1,2
BRDA:216,6,0,73
BRDA:216,6,1,6
BRF:12
BRH:12
end_of_record
TN:
SF:/home/honeybadger/truffleProjects/test_op_v2.5.0/contracts/ERC20Detailed.sol
FN:18,constructor
FN:27,name
FN:35,symbol
FN:51,decimals
FNF:4
FNH:0
FNDA:0,constructor
FNDA:0,name
FNDA:0,symbol
FNDA:0,decimals
DA:19,0
DA:20,0
DA:21,0
DA:28,0
DA:36,0
DA:52,0
LF:6
LH:0
BRF:0
BRH:0
end_of_record
TN:
SF:/home/honeybadger/truffleProjects/test_op_v2.5.0/contracts/ERC20Mock.sol
FN:7,constructor
FN:11,mint
FN:15,burn
FN:19,burnFrom
FN:23,transferInternal
FN:27,approveInternal
FNF:6
FNH:6
FNDA:83,constructor
FNDA:5,mint
FNDA:10,burn
FNDA:16,burnFrom
FNDA:9,transferInternal
FNDA:12,approveInternal
DA:8,83
DA:12,5
DA:16,10
DA:20,16
DA:24,9
DA:28,12
LF:6
LH:6
BRF:0
BRH:0
end_of_record
TN:
SF:/home/honeybadger/truffleProjects/test_op_v2.5.0/contracts/IERC20.sol
FNF:0
FNH:0
LF:0
LH:0
BRF:0
BRH:0
end_of_record
TN:
SF:/home/honeybadger/truffleProjects/test_op_v2.5.0/contracts/SafeMath.sol
FN:26,add
FN:42,sub
FN:57,sub
FN:73,mul
FN:98,div
FN:115,div
FN:135,mod
FN:152,mod
FNF:8
FNH:3
FNDA:200,add
FNDA:18,sub
FNDA:78,sub
FNDA:0,mul
FNDA:0,div
FNDA:0,div
FNDA:0,mod
FNDA:0,mod
DA:27,200
DA:28,200
DA:30,200
DA:43,18
DA:58,78
DA:59,56
DA:61,56
DA:77,0
DA:78,0
DA:81,0
DA:82,0
DA:84,0
DA:99,0
DA:117,0
DA:118,0
DA:121,0
DA:136,0
DA:153,0
DA:154,0
LF:19
LH:7
BRDA:28,1,0,200
BRDA:28,1,1,0
BRDA:58,2,0,56
BRDA:58,2,1,22
BRDA:77,3,0,0
BRDA:77,3,1,0
BRDA:82,4,0,0
BRDA:82,4,1,0
BRDA:117,5,0,0
BRDA:117,5,1,0
BRDA:153,6,0,0
BRDA:153,6,1,0
BRF:12
BRH:3
end_of_record
TN:
SF:/home/honeybadger/truffleProjects/test_op_v2.5.0/contracts/TestToken.sol
FN:9,constructor
FNF:1
FNH:0
FNDA:0,constructor
DA:10,0
LF:1
LH:0
BRF:0
BRH:0
end_of_record
