TN:
SF:/home/honeybadger/truffleProjects/test_op_v2.5.0/contracts/Context.sol
FN:16,constructor
FN:19,_msgSender
FN:23,_msgData
FNF:3
FNH:2
FNDA:83,constructor
FNDA:133,_msgSender
FNDA:0,_msgData
DA:20,133
DA:24,0
DA:25,0
LF:3
LH:1
BRF:0
BRH:0
end_of_record
TN:
SF:/home/honeybadger/truffleProjects/test_op_v2.5.0/contracts/ERC20.sol
FN:43,totalSupply
FN:50,balanceOf
FN:62,transfer
FN:70,allowance
FN:81,approve
FN:98,transferFrom
FN:116,increaseAllowance
FN:135,decreaseAllowance
FN:154,_transfer
FN:172,_mint
FN:191,_burn
FN:212,_approve
FN:226,_burnFrom
FNF:13
FNH:13
FNDA:6,totalSupply
FNDA:17,balanceOf
FNDA:8,transfer
FNDA:22,allowance
FNDA:41,approve
FNDA:14,transferFrom
FNDA:8,increaseAllowance
FNDA:16,decreaseAllowance
FNDA:32,_transfer
FNDA:88,_mint
FNDA:26,_burn
FNDA:81,_approve
FNDA:16,_burnFrom
DA:44,6
DA:51,17
DA:63,8
DA:64,4
DA:71,22
DA:82,41
DA:83,39
DA:99,14
DA:100,6
DA:101,4
DA:117,8
DA:118,6
DA:136,16
DA:137,6
DA:155,32
DA:156,28
DA:158,22
DA:159,14
DA:160,14
DA:173,88
DA:175,86
DA:176,86
DA:177,86
DA:192,26
DA:194,22
DA:195,18
DA:196,18
DA:213,81
DA:214,79
DA:216,73
DA:217,73
DA:227,16
DA:228,12
LF:33
LH:33
BRDA:155,1,0,28
BRDA:155,1,1,4
BRDA:156,2,0,22
BRDA:156,2,1,6
BRDA:173,3,0,86
BRDA:173,3,1,2
BRDA:192,4,0,22
BRDA:192,4,1,4
BRDA:213,5,0,79
BRDA:213,5,1,2
BRDA:214,6,0,73
BRDA:214,6,1,6
BRF:12
BRH:12
end_of_record
TN:
SF:/home/honeybadger/truffleProjects/test_op_v2.5.0/contracts/ERC20Mock.sol
FN:7,constructor
FN:11,mint
FN:15,burn
FN:19,burnFrom
FN:23,transferInternal
FN:27,approveInternal
FNF:6
FNH:6
FNDA:83,constructor
FNDA:5,mint
FNDA:10,burn
FNDA:16,burnFrom
FNDA:10,transferInternal
FNDA:12,approveInternal
DA:8,83
DA:12,5
DA:16,10
DA:20,16
DA:24,10
DA:28,12
LF:6
LH:6
BRF:0
BRH:0
end_of_record
TN:
SF:/home/honeybadger/truffleProjects/test_op_v2.5.0/contracts/IERC20.sol
FNF:0
FNH:0
LF:0
LH:0
BRF:0
BRH:0
end_of_record
TN:
SF:/home/honeybadger/truffleProjects/test_op_v2.5.0/contracts/SafeMath.sol
FN:26,add
FN:42,sub
FN:57,sub
FN:73,mul
FN:98,div
FN:115,div
FN:135,mod
FN:152,mod
FNF:8
FNH:3
FNDA:194,add
FNDA:18,sub
FNDA:96,sub
FNDA:0,mul
FNDA:0,div
FNDA:0,div
FNDA:0,mod
FNDA:0,mod
DA:27,194
DA:28,194
DA:30,194
DA:43,18
DA:58,96
DA:59,70
DA:61,70
DA:77,0
DA:78,0
DA:81,0
DA:82,0
DA:84,0
DA:99,0
DA:117,0
DA:118,0
DA:121,0
DA:136,0
DA:153,0
DA:154,0
LF:19
LH:7
BRDA:28,1,0,194
BRDA:28,1,1,0
BRDA:58,2,0,70
BRDA:58,2,1,26
BRDA:77,3,0,0
BRDA:77,3,1,0
BRDA:82,4,0,0
BRDA:82,4,1,0
BRDA:117,5,0,0
BRDA:117,5,1,0
BRDA:153,6,0,0
BRDA:153,6,1,0
BRF:12
BRH:3
end_of_record
